<?xml version="1.0" encoding="UTF-8" ?>
<testsuite tests="6" failures="0" name="com.example.LionTest" time="0.003" errors="0" skipped="0">
  <properties>
[...]
</properties>
  <testcase classname="com.example.LionTest" name="testLionExeptionSex" time="0"/>
  <testcase classname="com.example.LionTest" name="testLionGetKittens" time="0"/>
  <testcase classname="com.example.LionTest" name="testLionDoesHaveMane" time="0"/>
  <testcase classname="com.example.LionTest" name="testLionTrueSex" time="0"/>
  <testcase classname="com.example.LionTest" name="testLionGetFood" time="0.003"/>
  <testcase classname="com.example.LionTest" name="testLionFalseSex" time="0"/>
</testsuite>